<?xml version="1.0" encoding="UTF-8"?>
<!-- Generated by org.testng.reporters.JUnitReportReporter -->
<testsuite skipped="0" hostname="DESKTOP-GJP5FA5" name="appium_project.AlchemyPopupsCard" tests="1" failures="0" timestamp="23 Sep 2020 07:02:04 GMT" time="51.758" errors="0">
  <testcase name="alchemyPopupCard" time="51.758" classname="appium_project.AlchemyPopupsCard"/>
</testsuite> <!-- appium_project.AlchemyPopupsCard -->
