<?xml version="1.0" encoding="UTF-8"?>
<!-- Generated by org.testng.reporters.JUnitReportReporter -->
<testsuite skipped="0" hostname="DESKTOP-GJP5FA5" name="appium_project.NewTest" tests="1" failures="0" timestamp="17 Sep 2020 06:19:25 GMT" time="3.562" errors="0">
  <testcase name="calc" time="3.562" classname="appium_project.NewTest"/>
</testsuite> <!-- appium_project.NewTest -->
