<?xml version="1.0" encoding="UTF-8"?>
<!-- Generated by org.testng.reporters.JUnitReportReporter -->
<testsuite skipped="0" hostname="DESKTOP-GJP5FA5" name="appium_project.AlchemyToDoList" tests="1" failures="0" timestamp="23 Sep 2020 07:02:04 GMT" time="55.541" errors="0">
  <testcase name="alchemyToDoList" time="55.541" classname="appium_project.AlchemyToDoList"/>
</testsuite> <!-- appium_project.AlchemyToDoList -->
